<?xml version="1.0" encoding="UTF-8"?>
<testsuite name="nz.ac.canterbury.seng302.homehelper.HomeHelperApplicationTests" tests="1" skipped="0" failures="0" errors="0" timestamp="2025-03-04T20:49:25" hostname="Mac" time="0.003">
  <properties/>
  <testcase name="contextLoads()" classname="nz.ac.canterbury.seng302.homehelper.HomeHelperApplicationTests" time="0.003"/>
  <system-out><![CDATA[09:49:23.182 [Test worker] INFO org.springframework.test.context.support.AnnotationConfigContextLoaderUtils -- Could not detect default configuration classes for test class [nz.ac.canterbury.seng302.homehelper.HomeHelperApplicationTests]: HomeHelperApplicationTests does not declare any static, non-private, non-final, nested classes annotated with @Configuration.
09:49:23.284 [Test worker] INFO org.springframework.boot.test.context.SpringBootTestContextBootstrapper -- Found @SpringBootConfiguration nz.ac.canterbury.seng302.homehelper.HomeHelperApplication for test class nz.ac.canterbury.seng302.homehelper.HomeHelperApplicationTests

  .   ____          _            __ _ _
 /\\ / ___'_ __ _ _(_)_ __  __ _ \ \ \ \
( ( )\___ | '_ | '_| | '_ \/ _` | \ \ \ \
 \\/  ___)| |_)| | | | | || (_| |  ) ) ) )
  '  |____| .__|_| |_|_| |_\__, | / / / /
 =========|_|==============|___/=/_/_/_/
 :: Spring Boot ::                (v3.2.2)

2025-03-05T09:49:23.554+13:00  INFO 29119 --- [    Test worker] n.a.c.s.h.HomeHelperApplicationTests     : Starting HomeHelperApplicationTests using Java 21.0.2 with PID 29119 (started by amielemiguel in /Users/amielemiguel/Library/CloudStorage/OneDrive-UniversityofCanterbury/2025/seng302)
2025-03-05T09:49:23.555+13:00  INFO 29119 --- [    Test worker] n.a.c.s.h.HomeHelperApplicationTests     : No active profile set, falling back to 1 default profile: "default"
2025-03-05T09:49:23.870+13:00  INFO 29119 --- [    Test worker] .s.d.r.c.RepositoryConfigurationDelegate : Bootstrapping Spring Data JPA repositories in DEFAULT mode.
2025-03-05T09:49:23.890+13:00  INFO 29119 --- [    Test worker] .s.d.r.c.RepositoryConfigurationDelegate : Finished Spring Data repository scanning in 16 ms. Found 1 JPA repository interface.
2025-03-05T09:49:24.058+13:00  INFO 29119 --- [    Test worker] com.zaxxer.hikari.HikariDataSource       : HikariPool-1 - Starting...
2025-03-05T09:49:24.138+13:00  INFO 29119 --- [    Test worker] com.zaxxer.hikari.pool.HikariPool        : HikariPool-1 - Added connection conn0: url=jdbc:h2:mem:testdb user=SA
2025-03-05T09:49:24.139+13:00  INFO 29119 --- [    Test worker] com.zaxxer.hikari.HikariDataSource       : HikariPool-1 - Start completed.
2025-03-05T09:49:24.160+13:00  INFO 29119 --- [    Test worker] o.hibernate.jpa.internal.util.LogHelper  : HHH000204: Processing PersistenceUnitInfo [name: default]
2025-03-05T09:49:24.194+13:00  INFO 29119 --- [    Test worker] org.hibernate.Version                    : HHH000412: Hibernate ORM core version 6.4.1.Final
2025-03-05T09:49:24.209+13:00  INFO 29119 --- [    Test worker] o.h.c.internal.RegionFactoryInitiator    : HHH000026: Second-level cache disabled
2025-03-05T09:49:24.258+13:00  INFO 29119 --- [    Test worker] o.s.o.j.p.SpringPersistenceUnitInfo      : No LoadTimeWeaver setup: ignoring JPA class transformer
2025-03-05T09:49:24.282+13:00  WARN 29119 --- [    Test worker] org.hibernate.orm.deprecation            : HHH90000025: H2Dialect does not need to be specified explicitly using 'hibernate.dialect' (remove the property setting and it will be selected by default)
2025-03-05T09:49:24.575+13:00  INFO 29119 --- [    Test worker] o.h.e.t.j.p.i.JtaPlatformInitiator       : HHH000489: No JTA platform available (set 'hibernate.transaction.jta.platform' to enable JTA platform integration)
2025-03-05T09:49:24.595+13:00  INFO 29119 --- [    Test worker] j.LocalContainerEntityManagerFactoryBean : Initialized JPA EntityManagerFactory for persistence unit 'default'
2025-03-05T09:49:24.764+13:00  WARN 29119 --- [    Test worker] JpaBaseConfiguration$JpaWebConfiguration : spring.jpa.open-in-view is enabled by default. Therefore, database queries may be performed during view rendering. Explicitly configure spring.jpa.open-in-view to disable this warning
2025-03-05T09:49:25.181+13:00  INFO 29119 --- [    Test worker] n.a.c.s.h.HomeHelperApplicationTests     : Started HomeHelperApplicationTests in 1.764 seconds (process running for 3.377)
]]></system-out>
  <system-err><![CDATA[]]></system-err>
</testsuite>
